<?xml version="1.0" encoding="UTF-8"?>
<testsuite xmlns:xsi="http://www.w3.org/2001/XMLSchema-instance" xsi:noNamespaceSchemaLocation="https://maven.apache.org/surefire/maven-surefire-plugin/xsd/surefire-test-report.xsd" name="webrtc.chatservice.repository.channel.ChannelRepositoryImplTest" time="0.308" tests="12" errors="0" skipped="0" failures="0">
  <properties>
[...]
</properties>
  <testcase name="LoadAnyChannelsList" classname="webrtc.chatservice.repository.channel.ChannelRepositoryImplTest" time="0.135"/>
  <testcase name="LoadMyChannelsList" classname="webrtc.chatservice.repository.channel.ChannelRepositoryImplTest" time="0.071"/>
  <testcase name="findChannelsByChannelNameSuccess" classname="webrtc.chatservice.repository.channel.ChannelRepositoryImplTest" time="0.009"/>
  <testcase name="createChannel" classname="webrtc.chatservice.repository.channel.ChannelRepositoryImplTest" time="0.012"/>
  <testcase name="findChannelsByUserIdFail" classname="webrtc.chatservice.repository.channel.ChannelRepositoryImplTest" time="0.011"/>
  <testcase name="findChannelsByChannelIdSuccess" classname="webrtc.chatservice.repository.channel.ChannelRepositoryImplTest" time="0.009"/>
  <testcase name="findChannelsByChannelIdFail" classname="webrtc.chatservice.repository.channel.ChannelRepositoryImplTest" time="0.009"/>
  <testcase name="findChannelsByHashNameSuccess" classname="webrtc.chatservice.repository.channel.ChannelRepositoryImplTest" time="0.011"/>
  <testcase name="extensionChannelTTLSuccess" classname="webrtc.chatservice.repository.channel.ChannelRepositoryImplTest" time="0.004"/>
  <testcase name="findChannelsByChannelNameFail" classname="webrtc.chatservice.repository.channel.ChannelRepositoryImplTest" time="0.008"/>
  <testcase name="findChannelsByUserIdSuccess" classname="webrtc.chatservice.repository.channel.ChannelRepositoryImplTest" time="0.012"/>
  <testcase name="findChannelsByHashNameFail" classname="webrtc.chatservice.repository.channel.ChannelRepositoryImplTest" time="0.012"/>
</testsuite>