<?xml version="1.0" encoding="UTF-8"?>
<testsuite xmlns:xsi="http://www.w3.org/2001/XMLSchema-instance" xsi:noNamespaceSchemaLocation="https://maven.apache.org/surefire/maven-surefire-plugin/xsd/surefire-test-report.xsd" name="webrtc.chatservice.repository.chat.ChatLogRepositoryImplTest" time="0.1" tests="6" errors="6" skipped="0" failures="0">
  <properties>
[...]
</properties>
  <testcase name="LoadAllChatLog" classname="webrtc.chatservice.repository.chat.ChatLogRepositoryImplTest" time="0.05">
    <error message="I/O error on POST request for &quot;http://localhost:8081/api/v1/webrtc/user&quot;: Connection refused; nested exception is java.net.ConnectException: Connection refused" type="org.springframework.web.client.ResourceAccessException">org.springframework.web.client.ResourceAccessException: I/O error on POST request for "http://localhost:8081/api/v1/webrtc/user": Connection refused; nested exception is java.net.ConnectException: Connection refused
	at webrtc.chatservice.repository.chat.ChatLogRepositoryImplTest.saveChannel(ChatLogRepositoryImplTest.java:53)
Caused by: java.net.ConnectException: Connection refused
	at webrtc.chatservice.repository.chat.ChatLogRepositoryImplTest.saveChannel(ChatLogRepositoryImplTest.java:53)
</error>
    <system-out><![CDATA[2022-06-21 17:59:39.701  INFO 50197 --- [           main] .b.t.c.SpringBootTestContextBootstrapper : Neither @ContextConfiguration nor @ContextHierarchy found for test class [webrtc.chatservice.repository.chat.ChatLogRepositoryImplTest], using SpringBootContextLoader
2022-06-21 17:59:39.702  INFO 50197 --- [           main] o.s.t.c.support.AbstractContextLoader    : Could not detect default resource locations for test class [webrtc.chatservice.repository.chat.ChatLogRepositoryImplTest]: no resource found for suffixes {-context.xml, Context.groovy}.
2022-06-21 17:59:39.702  INFO 50197 --- [           main] t.c.s.AnnotationConfigContextLoaderUtils : Could not detect default configuration classes for test class [webrtc.chatservice.repository.chat.ChatLogRepositoryImplTest]: ChatLogRepositoryImplTest does not declare any static, non-private, non-final, nested classes annotated with @Configuration.
2022-06-21 17:59:39.704  INFO 50197 --- [           main] .b.t.c.SpringBootTestContextBootstrapper : Found @SpringBootConfiguration webrtc.chatservice.OpenviduApplication for test class webrtc.chatservice.repository.chat.ChatLogRepositoryImplTest
2022-06-21 17:59:39.705  INFO 50197 --- [           main] .b.t.c.SpringBootTestContextBootstrapper : Loaded default TestExecutionListener class names from location [META-INF/spring.factories]: [org.springframework.boot.test.mock.mockito.MockitoTestExecutionListener, org.springframework.boot.test.mock.mockito.ResetMocksTestExecutionListener, org.springframework.boot.test.autoconfigure.restdocs.RestDocsTestExecutionListener, org.springframework.boot.test.autoconfigure.web.client.MockRestServiceServerResetTestExecutionListener, org.springframework.boot.test.autoconfigure.web.servlet.MockMvcPrintOnlyOnFailureTestExecutionListener, org.springframework.boot.test.autoconfigure.web.servlet.WebDriverTestExecutionListener, org.springframework.boot.test.autoconfigure.webservices.client.MockWebServiceServerTestExecutionListener, org.springframework.test.context.web.ServletTestExecutionListener, org.springframework.test.context.support.DirtiesContextBeforeModesTestExecutionListener, org.springframework.test.context.event.ApplicationEventsTestExecutionListener, org.springframework.test.context.support.DependencyInjectionTestExecutionListener, org.springframework.test.context.support.DirtiesContextTestExecutionListener, org.springframework.test.context.transaction.TransactionalTestExecutionListener, org.springframework.test.context.jdbc.SqlScriptsTestExecutionListener, org.springframework.test.context.event.EventPublishingTestExecutionListener, org.springframework.security.test.context.support.WithSecurityContextTestExecutionListener, org.springframework.security.test.context.support.ReactorContextTestExecutionListener]
2022-06-21 17:59:39.705  INFO 50197 --- [           main] .b.t.c.SpringBootTestContextBootstrapper : Using TestExecutionListeners: [org.springframework.test.context.web.ServletTestExecutionListener@1000fbae, org.springframework.test.context.support.DirtiesContextBeforeModesTestExecutionListener@2fe8ec31, org.springframework.test.context.event.ApplicationEventsTestExecutionListener@46bcdf2e, org.springframework.boot.test.mock.mockito.MockitoTestExecutionListener@5927fc8e, org.springframework.boot.test.autoconfigure.SpringBootDependencyInjectionTestExecutionListener@4eeda18f, org.springframework.test.context.support.DirtiesContextTestExecutionListener@268c4507, org.springframework.test.context.transaction.TransactionalTestExecutionListener@669bb57, org.springframework.test.context.jdbc.SqlScriptsTestExecutionListener@60ccf498, org.springframework.test.context.event.EventPublishingTestExecutionListener@430ec0d7, org.springframework.security.test.context.support.WithSecurityContextTestExecutionListener@76e11cc, org.springframework.security.test.context.support.ReactorContextTestExecutionListener@4c96b175, org.springframework.boot.test.mock.mockito.ResetMocksTestExecutionListener@4bf9f44b, org.springframework.boot.test.autoconfigure.restdocs.RestDocsTestExecutionListener@7ec49d9b, org.springframework.boot.test.autoconfigure.web.client.MockRestServiceServerResetTestExecutionListener@9d313fe, org.springframework.boot.test.autoconfigure.web.servlet.MockMvcPrintOnlyOnFailureTestExecutionListener@70b716a8, org.springframework.boot.test.autoconfigure.web.servlet.WebDriverTestExecutionListener@74e8ef59, org.springframework.boot.test.autoconfigure.webservices.client.MockWebServiceServerTestExecutionListener@2e1a8c1a]
2022-06-21 17:59:39.708  INFO 50197 --- [           main] o.s.t.c.transaction.TransactionContext   : Began transaction (1) for test context [DefaultTestContext@38db8089 testClass = ChatLogRepositoryImplTest, testInstance = webrtc.chatservice.repository.chat.ChatLogRepositoryImplTest@2464c125, testMethod = LoadAllChatLog@ChatLogRepositoryImplTest, testException = [null], mergedContextConfiguration = [WebMergedContextConfiguration@6183dd2 testClass = ChatLogRepositoryImplTest, locations = '{}', classes = '{class webrtc.chatservice.OpenviduApplication}', contextInitializerClasses = '[]', activeProfiles = '{}', propertySourceLocations = '{}', propertySourceProperties = '{org.springframework.boot.test.context.SpringBootTestContextBootstrapper=true}', contextCustomizers = set[org.springframework.boot.test.context.filter.ExcludeFilterContextCustomizer@3c77d488, org.springframework.boot.test.json.DuplicateJsonObjectContextCustomizerFactory$DuplicateJsonObjectContextCustomizer@d86a6f, org.springframework.boot.test.mock.mockito.MockitoContextCustomizer@0, org.springframework.boot.test.web.client.TestRestTemplateContextCustomizer@5b1669c0, org.springframework.boot.test.autoconfigure.actuate.metrics.MetricsExportContextCustomizerFactory$DisableMetricExportContextCustomizer@69e153c5, org.springframework.boot.test.autoconfigure.properties.PropertyMappingContextCustomizer@0, org.springframework.boot.test.autoconfigure.web.servlet.WebDriverContextCustomizerFactory$Customizer@548d708a, org.springframework.boot.test.context.SpringBootTestArgs@1, org.springframework.boot.test.context.SpringBootTestWebEnvironment@528931cf], resourceBasePath = 'src/main/webapp', contextLoader = 'org.springframework.boot.test.context.SpringBootContextLoader', parent = [null]], attributes = map['org.springframework.test.context.web.ServletTestExecutionListener.activateListener' -> true, 'org.springframework.test.context.web.ServletTestExecutionListener.populatedRequestContextHolder' -> true, 'org.springframework.test.context.web.ServletTestExecutionListener.resetRequestContextHolder' -> true, 'org.springframework.test.context.event.ApplicationEventsTestExecutionListener.recordApplicationEvents' -> false]]; transaction manager [org.springframework.orm.jpa.JpaTransactionManager@1d628a88]; rollback [true]
Hibernate: 
    select
        next_val as id_val 
    from
        hibernate_sequence for update
            
Hibernate: 
    update
        hibernate_sequence 
    set
        next_val= ? 
    where
        next_val=?
Hibernate: 
    select
        channel0_.channel_id as channel_1_0_,
        channel0_.channel_name as channel_2_0_,
        channel0_.current_participants as current_3_0_,
        channel0_.limit_participants as limit_pa4_0_,
        channel0_.time_to_live as time_to_5_0_ 
    from
        channel channel0_ 
    where
        channel0_.channel_name=?
2022-06-21 17:59:39.761  INFO 50197 --- [           main] o.s.t.c.transaction.TransactionContext   : Rolled back transaction for test: [DefaultTestContext@38db8089 testClass = ChatLogRepositoryImplTest, testInstance = webrtc.chatservice.repository.chat.ChatLogRepositoryImplTest@2464c125, testMethod = LoadAllChatLog@ChatLogRepositoryImplTest, testException = org.springframework.web.client.ResourceAccessException: I/O error on POST request for "http://localhost:8081/api/v1/webrtc/user": Connection refused; nested exception is java.net.ConnectException: Connection refused, mergedContextConfiguration = [WebMergedContextConfiguration@6183dd2 testClass = ChatLogRepositoryImplTest, locations = '{}', classes = '{class webrtc.chatservice.OpenviduApplication}', contextInitializerClasses = '[]', activeProfiles = '{}', propertySourceLocations = '{}', propertySourceProperties = '{org.springframework.boot.test.context.SpringBootTestContextBootstrapper=true}', contextCustomizers = set[org.springframework.boot.test.context.filter.ExcludeFilterContextCustomizer@3c77d488, org.springframework.boot.test.json.DuplicateJsonObjectContextCustomizerFactory$DuplicateJsonObjectContextCustomizer@d86a6f, org.springframework.boot.test.mock.mockito.MockitoContextCustomizer@0, org.springframework.boot.test.web.client.TestRestTemplateContextCustomizer@5b1669c0, org.springframework.boot.test.autoconfigure.actuate.metrics.MetricsExportContextCustomizerFactory$DisableMetricExportContextCustomizer@69e153c5, org.springframework.boot.test.autoconfigure.properties.PropertyMappingContextCustomizer@0, org.springframework.boot.test.autoconfigure.web.servlet.WebDriverContextCustomizerFactory$Customizer@548d708a, org.springframework.boot.test.context.SpringBootTestArgs@1, org.springframework.boot.test.context.SpringBootTestWebEnvironment@528931cf], resourceBasePath = 'src/main/webapp', contextLoader = 'org.springframework.boot.test.context.SpringBootContextLoader', parent = [null]], attributes = map['org.springframework.test.context.web.ServletTestExecutionListener.activateListener' -> true, 'org.springframework.test.context.web.ServletTestExecutionListener.populatedRequestContextHolder' -> true, 'org.springframework.test.context.web.ServletTestExecutionListener.resetRequestContextHolder' -> true, 'org.springframework.test.context.event.ApplicationEventsTestExecutionListener.recordApplicationEvents' -> false]]
]]></system-out>
  </testcase>
  <testcase name="LastChatLogLoadByIdxSuccess" classname="webrtc.chatservice.repository.chat.ChatLogRepositoryImplTest" time="0.01">
    <error message="I/O error on POST request for &quot;http://localhost:8081/api/v1/webrtc/user&quot;: Connection refused; nested exception is java.net.ConnectException: Connection refused" type="org.springframework.web.client.ResourceAccessException">org.springframework.web.client.ResourceAccessException: I/O error on POST request for "http://localhost:8081/api/v1/webrtc/user": Connection refused; nested exception is java.net.ConnectException: Connection refused
	at webrtc.chatservice.repository.chat.ChatLogRepositoryImplTest.saveChannel(ChatLogRepositoryImplTest.java:53)
Caused by: java.net.ConnectException: Connection refused
	at webrtc.chatservice.repository.chat.ChatLogRepositoryImplTest.saveChannel(ChatLogRepositoryImplTest.java:53)
</error>
    <system-out><![CDATA[2022-06-21 17:59:39.767  INFO 50197 --- [           main] o.s.t.c.transaction.TransactionContext   : Began transaction (1) for test context [DefaultTestContext@38db8089 testClass = ChatLogRepositoryImplTest, testInstance = webrtc.chatservice.repository.chat.ChatLogRepositoryImplTest@69aa2adb, testMethod = LastChatLogLoadByIdxSuccess@ChatLogRepositoryImplTest, testException = [null], mergedContextConfiguration = [WebMergedContextConfiguration@6183dd2 testClass = ChatLogRepositoryImplTest, locations = '{}', classes = '{class webrtc.chatservice.OpenviduApplication}', contextInitializerClasses = '[]', activeProfiles = '{}', propertySourceLocations = '{}', propertySourceProperties = '{org.springframework.boot.test.context.SpringBootTestContextBootstrapper=true}', contextCustomizers = set[org.springframework.boot.test.context.filter.ExcludeFilterContextCustomizer@3c77d488, org.springframework.boot.test.json.DuplicateJsonObjectContextCustomizerFactory$DuplicateJsonObjectContextCustomizer@d86a6f, org.springframework.boot.test.mock.mockito.MockitoContextCustomizer@0, org.springframework.boot.test.web.client.TestRestTemplateContextCustomizer@5b1669c0, org.springframework.boot.test.autoconfigure.actuate.metrics.MetricsExportContextCustomizerFactory$DisableMetricExportContextCustomizer@69e153c5, org.springframework.boot.test.autoconfigure.properties.PropertyMappingContextCustomizer@0, org.springframework.boot.test.autoconfigure.web.servlet.WebDriverContextCustomizerFactory$Customizer@548d708a, org.springframework.boot.test.context.SpringBootTestArgs@1, org.springframework.boot.test.context.SpringBootTestWebEnvironment@528931cf], resourceBasePath = 'src/main/webapp', contextLoader = 'org.springframework.boot.test.context.SpringBootContextLoader', parent = [null]], attributes = map['org.springframework.test.context.web.ServletTestExecutionListener.activateListener' -> true, 'org.springframework.test.context.web.ServletTestExecutionListener.populatedRequestContextHolder' -> true, 'org.springframework.test.context.web.ServletTestExecutionListener.resetRequestContextHolder' -> true, 'org.springframework.test.context.event.ApplicationEventsTestExecutionListener.recordApplicationEvents' -> false]]; transaction manager [org.springframework.orm.jpa.JpaTransactionManager@1d628a88]; rollback [true]
Hibernate: 
    select
        next_val as id_val 
    from
        hibernate_sequence for update
            
Hibernate: 
    update
        hibernate_sequence 
    set
        next_val= ? 
    where
        next_val=?
Hibernate: 
    select
        channel0_.channel_id as channel_1_0_,
        channel0_.channel_name as channel_2_0_,
        channel0_.current_participants as current_3_0_,
        channel0_.limit_participants as limit_pa4_0_,
        channel0_.time_to_live as time_to_5_0_ 
    from
        channel channel0_ 
    where
        channel0_.channel_name=?
2022-06-21 17:59:39.776  INFO 50197 --- [           main] o.s.t.c.transaction.TransactionContext   : Rolled back transaction for test: [DefaultTestContext@38db8089 testClass = ChatLogRepositoryImplTest, testInstance = webrtc.chatservice.repository.chat.ChatLogRepositoryImplTest@69aa2adb, testMethod = LastChatLogLoadByIdxSuccess@ChatLogRepositoryImplTest, testException = org.springframework.web.client.ResourceAccessException: I/O error on POST request for "http://localhost:8081/api/v1/webrtc/user": Connection refused; nested exception is java.net.ConnectException: Connection refused, mergedContextConfiguration = [WebMergedContextConfiguration@6183dd2 testClass = ChatLogRepositoryImplTest, locations = '{}', classes = '{class webrtc.chatservice.OpenviduApplication}', contextInitializerClasses = '[]', activeProfiles = '{}', propertySourceLocations = '{}', propertySourceProperties = '{org.springframework.boot.test.context.SpringBootTestContextBootstrapper=true}', contextCustomizers = set[org.springframework.boot.test.context.filter.ExcludeFilterContextCustomizer@3c77d488, org.springframework.boot.test.json.DuplicateJsonObjectContextCustomizerFactory$DuplicateJsonObjectContextCustomizer@d86a6f, org.springframework.boot.test.mock.mockito.MockitoContextCustomizer@0, org.springframework.boot.test.web.client.TestRestTemplateContextCustomizer@5b1669c0, org.springframework.boot.test.autoconfigure.actuate.metrics.MetricsExportContextCustomizerFactory$DisableMetricExportContextCustomizer@69e153c5, org.springframework.boot.test.autoconfigure.properties.PropertyMappingContextCustomizer@0, org.springframework.boot.test.autoconfigure.web.servlet.WebDriverContextCustomizerFactory$Customizer@548d708a, org.springframework.boot.test.context.SpringBootTestArgs@1, org.springframework.boot.test.context.SpringBootTestWebEnvironment@528931cf], resourceBasePath = 'src/main/webapp', contextLoader = 'org.springframework.boot.test.context.SpringBootContextLoader', parent = [null]], attributes = map['org.springframework.test.context.web.ServletTestExecutionListener.activateListener' -> true, 'org.springframework.test.context.web.ServletTestExecutionListener.populatedRequestContextHolder' -> true, 'org.springframework.test.context.web.ServletTestExecutionListener.resetRequestContextHolder' -> true, 'org.springframework.test.context.event.ApplicationEventsTestExecutionListener.recordApplicationEvents' -> false]]
]]></system-out>
  </testcase>
  <testcase name="LastChatLogLoadByIdxFail" classname="webrtc.chatservice.repository.chat.ChatLogRepositoryImplTest" time="0.008">
    <error message="I/O error on POST request for &quot;http://localhost:8081/api/v1/webrtc/user&quot;: Connection refused; nested exception is java.net.ConnectException: Connection refused" type="org.springframework.web.client.ResourceAccessException">org.springframework.web.client.ResourceAccessException: I/O error on POST request for "http://localhost:8081/api/v1/webrtc/user": Connection refused; nested exception is java.net.ConnectException: Connection refused
	at webrtc.chatservice.repository.chat.ChatLogRepositoryImplTest.saveChannel(ChatLogRepositoryImplTest.java:53)
Caused by: java.net.ConnectException: Connection refused
	at webrtc.chatservice.repository.chat.ChatLogRepositoryImplTest.saveChannel(ChatLogRepositoryImplTest.java:53)
</error>
    <system-out><![CDATA[2022-06-21 17:59:39.777  INFO 50197 --- [           main] o.s.t.c.transaction.TransactionContext   : Began transaction (1) for test context [DefaultTestContext@38db8089 testClass = ChatLogRepositoryImplTest, testInstance = webrtc.chatservice.repository.chat.ChatLogRepositoryImplTest@221ebed1, testMethod = LastChatLogLoadByIdxFail@ChatLogRepositoryImplTest, testException = [null], mergedContextConfiguration = [WebMergedContextConfiguration@6183dd2 testClass = ChatLogRepositoryImplTest, locations = '{}', classes = '{class webrtc.chatservice.OpenviduApplication}', contextInitializerClasses = '[]', activeProfiles = '{}', propertySourceLocations = '{}', propertySourceProperties = '{org.springframework.boot.test.context.SpringBootTestContextBootstrapper=true}', contextCustomizers = set[org.springframework.boot.test.context.filter.ExcludeFilterContextCustomizer@3c77d488, org.springframework.boot.test.json.DuplicateJsonObjectContextCustomizerFactory$DuplicateJsonObjectContextCustomizer@d86a6f, org.springframework.boot.test.mock.mockito.MockitoContextCustomizer@0, org.springframework.boot.test.web.client.TestRestTemplateContextCustomizer@5b1669c0, org.springframework.boot.test.autoconfigure.actuate.metrics.MetricsExportContextCustomizerFactory$DisableMetricExportContextCustomizer@69e153c5, org.springframework.boot.test.autoconfigure.properties.PropertyMappingContextCustomizer@0, org.springframework.boot.test.autoconfigure.web.servlet.WebDriverContextCustomizerFactory$Customizer@548d708a, org.springframework.boot.test.context.SpringBootTestArgs@1, org.springframework.boot.test.context.SpringBootTestWebEnvironment@528931cf], resourceBasePath = 'src/main/webapp', contextLoader = 'org.springframework.boot.test.context.SpringBootContextLoader', parent = [null]], attributes = map['org.springframework.test.context.web.ServletTestExecutionListener.activateListener' -> true, 'org.springframework.test.context.web.ServletTestExecutionListener.populatedRequestContextHolder' -> true, 'org.springframework.test.context.web.ServletTestExecutionListener.resetRequestContextHolder' -> true, 'org.springframework.test.context.event.ApplicationEventsTestExecutionListener.recordApplicationEvents' -> false]]; transaction manager [org.springframework.orm.jpa.JpaTransactionManager@1d628a88]; rollback [true]
Hibernate: 
    select
        next_val as id_val 
    from
        hibernate_sequence for update
            
Hibernate: 
    update
        hibernate_sequence 
    set
        next_val= ? 
    where
        next_val=?
Hibernate: 
    select
        channel0_.channel_id as channel_1_0_,
        channel0_.channel_name as channel_2_0_,
        channel0_.current_participants as current_3_0_,
        channel0_.limit_participants as limit_pa4_0_,
        channel0_.time_to_live as time_to_5_0_ 
    from
        channel channel0_ 
    where
        channel0_.channel_name=?
2022-06-21 17:59:39.785  INFO 50197 --- [           main] o.s.t.c.transaction.TransactionContext   : Rolled back transaction for test: [DefaultTestContext@38db8089 testClass = ChatLogRepositoryImplTest, testInstance = webrtc.chatservice.repository.chat.ChatLogRepositoryImplTest@221ebed1, testMethod = LastChatLogLoadByIdxFail@ChatLogRepositoryImplTest, testException = org.springframework.web.client.ResourceAccessException: I/O error on POST request for "http://localhost:8081/api/v1/webrtc/user": Connection refused; nested exception is java.net.ConnectException: Connection refused, mergedContextConfiguration = [WebMergedContextConfiguration@6183dd2 testClass = ChatLogRepositoryImplTest, locations = '{}', classes = '{class webrtc.chatservice.OpenviduApplication}', contextInitializerClasses = '[]', activeProfiles = '{}', propertySourceLocations = '{}', propertySourceProperties = '{org.springframework.boot.test.context.SpringBootTestContextBootstrapper=true}', contextCustomizers = set[org.springframework.boot.test.context.filter.ExcludeFilterContextCustomizer@3c77d488, org.springframework.boot.test.json.DuplicateJsonObjectContextCustomizerFactory$DuplicateJsonObjectContextCustomizer@d86a6f, org.springframework.boot.test.mock.mockito.MockitoContextCustomizer@0, org.springframework.boot.test.web.client.TestRestTemplateContextCustomizer@5b1669c0, org.springframework.boot.test.autoconfigure.actuate.metrics.MetricsExportContextCustomizerFactory$DisableMetricExportContextCustomizer@69e153c5, org.springframework.boot.test.autoconfigure.properties.PropertyMappingContextCustomizer@0, org.springframework.boot.test.autoconfigure.web.servlet.WebDriverContextCustomizerFactory$Customizer@548d708a, org.springframework.boot.test.context.SpringBootTestArgs@1, org.springframework.boot.test.context.SpringBootTestWebEnvironment@528931cf], resourceBasePath = 'src/main/webapp', contextLoader = 'org.springframework.boot.test.context.SpringBootContextLoader', parent = [null]], attributes = map['org.springframework.test.context.web.ServletTestExecutionListener.activateListener' -> true, 'org.springframework.test.context.web.ServletTestExecutionListener.populatedRequestContextHolder' -> true, 'org.springframework.test.context.web.ServletTestExecutionListener.resetRequestContextHolder' -> true, 'org.springframework.test.context.event.ApplicationEventsTestExecutionListener.recordApplicationEvents' -> false]]
]]></system-out>
  </testcase>
  <testcase name="LoadChatLogByChannelIdAndIdxFromZeroSuccess" classname="webrtc.chatservice.repository.chat.ChatLogRepositoryImplTest" time="0.009">
    <error message="I/O error on POST request for &quot;http://localhost:8081/api/v1/webrtc/user&quot;: Connection refused; nested exception is java.net.ConnectException: Connection refused" type="org.springframework.web.client.ResourceAccessException">org.springframework.web.client.ResourceAccessException: I/O error on POST request for "http://localhost:8081/api/v1/webrtc/user": Connection refused; nested exception is java.net.ConnectException: Connection refused
	at webrtc.chatservice.repository.chat.ChatLogRepositoryImplTest.saveChannel(ChatLogRepositoryImplTest.java:53)
Caused by: java.net.ConnectException: Connection refused
	at webrtc.chatservice.repository.chat.ChatLogRepositoryImplTest.saveChannel(ChatLogRepositoryImplTest.java:53)
</error>
    <system-out><![CDATA[2022-06-21 17:59:39.786  INFO 50197 --- [           main] o.s.t.c.transaction.TransactionContext   : Began transaction (1) for test context [DefaultTestContext@38db8089 testClass = ChatLogRepositoryImplTest, testInstance = webrtc.chatservice.repository.chat.ChatLogRepositoryImplTest@3d5105ed, testMethod = LoadChatLogByChannelIdAndIdxFromZeroSuccess@ChatLogRepositoryImplTest, testException = [null], mergedContextConfiguration = [WebMergedContextConfiguration@6183dd2 testClass = ChatLogRepositoryImplTest, locations = '{}', classes = '{class webrtc.chatservice.OpenviduApplication}', contextInitializerClasses = '[]', activeProfiles = '{}', propertySourceLocations = '{}', propertySourceProperties = '{org.springframework.boot.test.context.SpringBootTestContextBootstrapper=true}', contextCustomizers = set[org.springframework.boot.test.context.filter.ExcludeFilterContextCustomizer@3c77d488, org.springframework.boot.test.json.DuplicateJsonObjectContextCustomizerFactory$DuplicateJsonObjectContextCustomizer@d86a6f, org.springframework.boot.test.mock.mockito.MockitoContextCustomizer@0, org.springframework.boot.test.web.client.TestRestTemplateContextCustomizer@5b1669c0, org.springframework.boot.test.autoconfigure.actuate.metrics.MetricsExportContextCustomizerFactory$DisableMetricExportContextCustomizer@69e153c5, org.springframework.boot.test.autoconfigure.properties.PropertyMappingContextCustomizer@0, org.springframework.boot.test.autoconfigure.web.servlet.WebDriverContextCustomizerFactory$Customizer@548d708a, org.springframework.boot.test.context.SpringBootTestArgs@1, org.springframework.boot.test.context.SpringBootTestWebEnvironment@528931cf], resourceBasePath = 'src/main/webapp', contextLoader = 'org.springframework.boot.test.context.SpringBootContextLoader', parent = [null]], attributes = map['org.springframework.test.context.web.ServletTestExecutionListener.activateListener' -> true, 'org.springframework.test.context.web.ServletTestExecutionListener.populatedRequestContextHolder' -> true, 'org.springframework.test.context.web.ServletTestExecutionListener.resetRequestContextHolder' -> true, 'org.springframework.test.context.event.ApplicationEventsTestExecutionListener.recordApplicationEvents' -> false]]; transaction manager [org.springframework.orm.jpa.JpaTransactionManager@1d628a88]; rollback [true]
Hibernate: 
    select
        next_val as id_val 
    from
        hibernate_sequence for update
            
Hibernate: 
    update
        hibernate_sequence 
    set
        next_val= ? 
    where
        next_val=?
Hibernate: 
    select
        channel0_.channel_id as channel_1_0_,
        channel0_.channel_name as channel_2_0_,
        channel0_.current_participants as current_3_0_,
        channel0_.limit_participants as limit_pa4_0_,
        channel0_.time_to_live as time_to_5_0_ 
    from
        channel channel0_ 
    where
        channel0_.channel_name=?
2022-06-21 17:59:39.794  INFO 50197 --- [           main] o.s.t.c.transaction.TransactionContext   : Rolled back transaction for test: [DefaultTestContext@38db8089 testClass = ChatLogRepositoryImplTest, testInstance = webrtc.chatservice.repository.chat.ChatLogRepositoryImplTest@3d5105ed, testMethod = LoadChatLogByChannelIdAndIdxFromZeroSuccess@ChatLogRepositoryImplTest, testException = org.springframework.web.client.ResourceAccessException: I/O error on POST request for "http://localhost:8081/api/v1/webrtc/user": Connection refused; nested exception is java.net.ConnectException: Connection refused, mergedContextConfiguration = [WebMergedContextConfiguration@6183dd2 testClass = ChatLogRepositoryImplTest, locations = '{}', classes = '{class webrtc.chatservice.OpenviduApplication}', contextInitializerClasses = '[]', activeProfiles = '{}', propertySourceLocations = '{}', propertySourceProperties = '{org.springframework.boot.test.context.SpringBootTestContextBootstrapper=true}', contextCustomizers = set[org.springframework.boot.test.context.filter.ExcludeFilterContextCustomizer@3c77d488, org.springframework.boot.test.json.DuplicateJsonObjectContextCustomizerFactory$DuplicateJsonObjectContextCustomizer@d86a6f, org.springframework.boot.test.mock.mockito.MockitoContextCustomizer@0, org.springframework.boot.test.web.client.TestRestTemplateContextCustomizer@5b1669c0, org.springframework.boot.test.autoconfigure.actuate.metrics.MetricsExportContextCustomizerFactory$DisableMetricExportContextCustomizer@69e153c5, org.springframework.boot.test.autoconfigure.properties.PropertyMappingContextCustomizer@0, org.springframework.boot.test.autoconfigure.web.servlet.WebDriverContextCustomizerFactory$Customizer@548d708a, org.springframework.boot.test.context.SpringBootTestArgs@1, org.springframework.boot.test.context.SpringBootTestWebEnvironment@528931cf], resourceBasePath = 'src/main/webapp', contextLoader = 'org.springframework.boot.test.context.SpringBootContextLoader', parent = [null]], attributes = map['org.springframework.test.context.web.ServletTestExecutionListener.activateListener' -> true, 'org.springframework.test.context.web.ServletTestExecutionListener.populatedRequestContextHolder' -> true, 'org.springframework.test.context.web.ServletTestExecutionListener.resetRequestContextHolder' -> true, 'org.springframework.test.context.event.ApplicationEventsTestExecutionListener.recordApplicationEvents' -> false]]
]]></system-out>
  </testcase>
  <testcase name="saveChatLog" classname="webrtc.chatservice.repository.chat.ChatLogRepositoryImplTest" time="0.012">
    <error message="I/O error on POST request for &quot;http://localhost:8081/api/v1/webrtc/user&quot;: Connection refused; nested exception is java.net.ConnectException: Connection refused" type="org.springframework.web.client.ResourceAccessException">org.springframework.web.client.ResourceAccessException: I/O error on POST request for "http://localhost:8081/api/v1/webrtc/user": Connection refused; nested exception is java.net.ConnectException: Connection refused
	at webrtc.chatservice.repository.chat.ChatLogRepositoryImplTest.saveChannel(ChatLogRepositoryImplTest.java:53)
Caused by: java.net.ConnectException: Connection refused
	at webrtc.chatservice.repository.chat.ChatLogRepositoryImplTest.saveChannel(ChatLogRepositoryImplTest.java:53)
</error>
    <system-out><![CDATA[2022-06-21 17:59:39.796  INFO 50197 --- [           main] o.s.t.c.transaction.TransactionContext   : Began transaction (1) for test context [DefaultTestContext@38db8089 testClass = ChatLogRepositoryImplTest, testInstance = webrtc.chatservice.repository.chat.ChatLogRepositoryImplTest@561a4a5, testMethod = saveChatLog@ChatLogRepositoryImplTest, testException = [null], mergedContextConfiguration = [WebMergedContextConfiguration@6183dd2 testClass = ChatLogRepositoryImplTest, locations = '{}', classes = '{class webrtc.chatservice.OpenviduApplication}', contextInitializerClasses = '[]', activeProfiles = '{}', propertySourceLocations = '{}', propertySourceProperties = '{org.springframework.boot.test.context.SpringBootTestContextBootstrapper=true}', contextCustomizers = set[org.springframework.boot.test.context.filter.ExcludeFilterContextCustomizer@3c77d488, org.springframework.boot.test.json.DuplicateJsonObjectContextCustomizerFactory$DuplicateJsonObjectContextCustomizer@d86a6f, org.springframework.boot.test.mock.mockito.MockitoContextCustomizer@0, org.springframework.boot.test.web.client.TestRestTemplateContextCustomizer@5b1669c0, org.springframework.boot.test.autoconfigure.actuate.metrics.MetricsExportContextCustomizerFactory$DisableMetricExportContextCustomizer@69e153c5, org.springframework.boot.test.autoconfigure.properties.PropertyMappingContextCustomizer@0, org.springframework.boot.test.autoconfigure.web.servlet.WebDriverContextCustomizerFactory$Customizer@548d708a, org.springframework.boot.test.context.SpringBootTestArgs@1, org.springframework.boot.test.context.SpringBootTestWebEnvironment@528931cf], resourceBasePath = 'src/main/webapp', contextLoader = 'org.springframework.boot.test.context.SpringBootContextLoader', parent = [null]], attributes = map['org.springframework.test.context.web.ServletTestExecutionListener.activateListener' -> true, 'org.springframework.test.context.web.ServletTestExecutionListener.populatedRequestContextHolder' -> true, 'org.springframework.test.context.web.ServletTestExecutionListener.resetRequestContextHolder' -> true, 'org.springframework.test.context.event.ApplicationEventsTestExecutionListener.recordApplicationEvents' -> false]]; transaction manager [org.springframework.orm.jpa.JpaTransactionManager@1d628a88]; rollback [true]
Hibernate: 
    select
        next_val as id_val 
    from
        hibernate_sequence for update
            
Hibernate: 
    update
        hibernate_sequence 
    set
        next_val= ? 
    where
        next_val=?
Hibernate: 
    select
        channel0_.channel_id as channel_1_0_,
        channel0_.channel_name as channel_2_0_,
        channel0_.current_participants as current_3_0_,
        channel0_.limit_participants as limit_pa4_0_,
        channel0_.time_to_live as time_to_5_0_ 
    from
        channel channel0_ 
    where
        channel0_.channel_name=?
2022-06-21 17:59:39.806  INFO 50197 --- [           main] o.s.t.c.transaction.TransactionContext   : Rolled back transaction for test: [DefaultTestContext@38db8089 testClass = ChatLogRepositoryImplTest, testInstance = webrtc.chatservice.repository.chat.ChatLogRepositoryImplTest@561a4a5, testMethod = saveChatLog@ChatLogRepositoryImplTest, testException = org.springframework.web.client.ResourceAccessException: I/O error on POST request for "http://localhost:8081/api/v1/webrtc/user": Connection refused; nested exception is java.net.ConnectException: Connection refused, mergedContextConfiguration = [WebMergedContextConfiguration@6183dd2 testClass = ChatLogRepositoryImplTest, locations = '{}', classes = '{class webrtc.chatservice.OpenviduApplication}', contextInitializerClasses = '[]', activeProfiles = '{}', propertySourceLocations = '{}', propertySourceProperties = '{org.springframework.boot.test.context.SpringBootTestContextBootstrapper=true}', contextCustomizers = set[org.springframework.boot.test.context.filter.ExcludeFilterContextCustomizer@3c77d488, org.springframework.boot.test.json.DuplicateJsonObjectContextCustomizerFactory$DuplicateJsonObjectContextCustomizer@d86a6f, org.springframework.boot.test.mock.mockito.MockitoContextCustomizer@0, org.springframework.boot.test.web.client.TestRestTemplateContextCustomizer@5b1669c0, org.springframework.boot.test.autoconfigure.actuate.metrics.MetricsExportContextCustomizerFactory$DisableMetricExportContextCustomizer@69e153c5, org.springframework.boot.test.autoconfigure.properties.PropertyMappingContextCustomizer@0, org.springframework.boot.test.autoconfigure.web.servlet.WebDriverContextCustomizerFactory$Customizer@548d708a, org.springframework.boot.test.context.SpringBootTestArgs@1, org.springframework.boot.test.context.SpringBootTestWebEnvironment@528931cf], resourceBasePath = 'src/main/webapp', contextLoader = 'org.springframework.boot.test.context.SpringBootContextLoader', parent = [null]], attributes = map['org.springframework.test.context.web.ServletTestExecutionListener.activateListener' -> true, 'org.springframework.test.context.web.ServletTestExecutionListener.populatedRequestContextHolder' -> true, 'org.springframework.test.context.web.ServletTestExecutionListener.resetRequestContextHolder' -> true, 'org.springframework.test.context.event.ApplicationEventsTestExecutionListener.recordApplicationEvents' -> false]]
]]></system-out>
  </testcase>
  <testcase name="LoadChatLogByChannelIdAndIdxSuccess" classname="webrtc.chatservice.repository.chat.ChatLogRepositoryImplTest" time="0.008">
    <error message="I/O error on POST request for &quot;http://localhost:8081/api/v1/webrtc/user&quot;: Connection refused; nested exception is java.net.ConnectException: Connection refused" type="org.springframework.web.client.ResourceAccessException">org.springframework.web.client.ResourceAccessException: I/O error on POST request for "http://localhost:8081/api/v1/webrtc/user": Connection refused; nested exception is java.net.ConnectException: Connection refused
	at webrtc.chatservice.repository.chat.ChatLogRepositoryImplTest.saveChannel(ChatLogRepositoryImplTest.java:53)
Caused by: java.net.ConnectException: Connection refused
	at webrtc.chatservice.repository.chat.ChatLogRepositoryImplTest.saveChannel(ChatLogRepositoryImplTest.java:53)
</error>
    <system-out><![CDATA[2022-06-21 17:59:39.808  INFO 50197 --- [           main] o.s.t.c.transaction.TransactionContext   : Began transaction (1) for test context [DefaultTestContext@38db8089 testClass = ChatLogRepositoryImplTest, testInstance = webrtc.chatservice.repository.chat.ChatLogRepositoryImplTest@3f06abd, testMethod = LoadChatLogByChannelIdAndIdxSuccess@ChatLogRepositoryImplTest, testException = [null], mergedContextConfiguration = [WebMergedContextConfiguration@6183dd2 testClass = ChatLogRepositoryImplTest, locations = '{}', classes = '{class webrtc.chatservice.OpenviduApplication}', contextInitializerClasses = '[]', activeProfiles = '{}', propertySourceLocations = '{}', propertySourceProperties = '{org.springframework.boot.test.context.SpringBootTestContextBootstrapper=true}', contextCustomizers = set[org.springframework.boot.test.context.filter.ExcludeFilterContextCustomizer@3c77d488, org.springframework.boot.test.json.DuplicateJsonObjectContextCustomizerFactory$DuplicateJsonObjectContextCustomizer@d86a6f, org.springframework.boot.test.mock.mockito.MockitoContextCustomizer@0, org.springframework.boot.test.web.client.TestRestTemplateContextCustomizer@5b1669c0, org.springframework.boot.test.autoconfigure.actuate.metrics.MetricsExportContextCustomizerFactory$DisableMetricExportContextCustomizer@69e153c5, org.springframework.boot.test.autoconfigure.properties.PropertyMappingContextCustomizer@0, org.springframework.boot.test.autoconfigure.web.servlet.WebDriverContextCustomizerFactory$Customizer@548d708a, org.springframework.boot.test.context.SpringBootTestArgs@1, org.springframework.boot.test.context.SpringBootTestWebEnvironment@528931cf], resourceBasePath = 'src/main/webapp', contextLoader = 'org.springframework.boot.test.context.SpringBootContextLoader', parent = [null]], attributes = map['org.springframework.test.context.web.ServletTestExecutionListener.activateListener' -> true, 'org.springframework.test.context.web.ServletTestExecutionListener.populatedRequestContextHolder' -> true, 'org.springframework.test.context.web.ServletTestExecutionListener.resetRequestContextHolder' -> true, 'org.springframework.test.context.event.ApplicationEventsTestExecutionListener.recordApplicationEvents' -> false]]; transaction manager [org.springframework.orm.jpa.JpaTransactionManager@1d628a88]; rollback [true]
Hibernate: 
    select
        next_val as id_val 
    from
        hibernate_sequence for update
            
Hibernate: 
    update
        hibernate_sequence 
    set
        next_val= ? 
    where
        next_val=?
Hibernate: 
    select
        channel0_.channel_id as channel_1_0_,
        channel0_.channel_name as channel_2_0_,
        channel0_.current_participants as current_3_0_,
        channel0_.limit_participants as limit_pa4_0_,
        channel0_.time_to_live as time_to_5_0_ 
    from
        channel channel0_ 
    where
        channel0_.channel_name=?
2022-06-21 17:59:39.815  INFO 50197 --- [           main] o.s.t.c.transaction.TransactionContext   : Rolled back transaction for test: [DefaultTestContext@38db8089 testClass = ChatLogRepositoryImplTest, testInstance = webrtc.chatservice.repository.chat.ChatLogRepositoryImplTest@3f06abd, testMethod = LoadChatLogByChannelIdAndIdxSuccess@ChatLogRepositoryImplTest, testException = org.springframework.web.client.ResourceAccessException: I/O error on POST request for "http://localhost:8081/api/v1/webrtc/user": Connection refused; nested exception is java.net.ConnectException: Connection refused, mergedContextConfiguration = [WebMergedContextConfiguration@6183dd2 testClass = ChatLogRepositoryImplTest, locations = '{}', classes = '{class webrtc.chatservice.OpenviduApplication}', contextInitializerClasses = '[]', activeProfiles = '{}', propertySourceLocations = '{}', propertySourceProperties = '{org.springframework.boot.test.context.SpringBootTestContextBootstrapper=true}', contextCustomizers = set[org.springframework.boot.test.context.filter.ExcludeFilterContextCustomizer@3c77d488, org.springframework.boot.test.json.DuplicateJsonObjectContextCustomizerFactory$DuplicateJsonObjectContextCustomizer@d86a6f, org.springframework.boot.test.mock.mockito.MockitoContextCustomizer@0, org.springframework.boot.test.web.client.TestRestTemplateContextCustomizer@5b1669c0, org.springframework.boot.test.autoconfigure.actuate.metrics.MetricsExportContextCustomizerFactory$DisableMetricExportContextCustomizer@69e153c5, org.springframework.boot.test.autoconfigure.properties.PropertyMappingContextCustomizer@0, org.springframework.boot.test.autoconfigure.web.servlet.WebDriverContextCustomizerFactory$Customizer@548d708a, org.springframework.boot.test.context.SpringBootTestArgs@1, org.springframework.boot.test.context.SpringBootTestWebEnvironment@528931cf], resourceBasePath = 'src/main/webapp', contextLoader = 'org.springframework.boot.test.context.SpringBootContextLoader', parent = [null]], attributes = map['org.springframework.test.context.web.ServletTestExecutionListener.activateListener' -> true, 'org.springframework.test.context.web.ServletTestExecutionListener.populatedRequestContextHolder' -> true, 'org.springframework.test.context.web.ServletTestExecutionListener.resetRequestContextHolder' -> true, 'org.springframework.test.context.event.ApplicationEventsTestExecutionListener.recordApplicationEvents' -> false]]
]]></system-out>
  </testcase>
</testsuite>