-------------------------------------------------------------------------------
Test set: webrtc.chatservice.service.channel.ChannelServiceImplTest
-------------------------------------------------------------------------------
Tests run: 14, Failures: 0, Errors: 13, Skipped: 0, Time elapsed: 0.133 s <<< FAILURE! - in webrtc.chatservice.service.channel.ChannelServiceImplTest
createChannelO  Time elapsed: 0.008 s  <<< ERROR!
org.springframework.web.client.ResourceAccessException: I/O error on POST request for "http://localhost:8081/api/v1/webrtc/user": Connection refused; nested exception is java.net.ConnectException: Connection refused
	at webrtc.chatservice.service.channel.ChannelServiceImplTest.createChannelO(ChannelServiceImplTest.java:66)
Caused by: java.net.ConnectException: Connection refused
	at webrtc.chatservice.service.channel.ChannelServiceImplTest.createChannelO(ChannelServiceImplTest.java:66)

channelDuplicate  Time elapsed: 0.01 s  <<< ERROR!
org.springframework.web.client.ResourceAccessException: I/O error on POST request for "http://localhost:8081/api/v1/webrtc/user": Connection refused; nested exception is java.net.ConnectException: Connection refused
	at webrtc.chatservice.service.channel.ChannelServiceImplTest.channelDuplicate(ChannelServiceImplTest.java:85)
Caused by: java.net.ConnectException: Connection refused
	at webrtc.chatservice.service.channel.ChannelServiceImplTest.channelDuplicate(ChannelServiceImplTest.java:85)

enterChannelAndChannelInfoSuccess  Time elapsed: 0.009 s  <<< ERROR!
org.springframework.web.client.ResourceAccessException: I/O error on POST request for "http://localhost:8081/api/v1/webrtc/user": Connection refused; nested exception is java.net.ConnectException: Connection refused
	at webrtc.chatservice.service.channel.ChannelServiceImplTest.createChannelTemp(ChannelServiceImplTest.java:293)
	at webrtc.chatservice.service.channel.ChannelServiceImplTest.enterChannelAndChannelInfoSuccess(ChannelServiceImplTest.java:108)
Caused by: java.net.ConnectException: Connection refused
	at webrtc.chatservice.service.channel.ChannelServiceImplTest.createChannelTemp(ChannelServiceImplTest.java:293)
	at webrtc.chatservice.service.channel.ChannelServiceImplTest.enterChannelAndChannelInfoSuccess(ChannelServiceImplTest.java:108)

exitChannel  Time elapsed: 0.006 s  <<< ERROR!
org.springframework.web.client.ResourceAccessException: I/O error on POST request for "http://localhost:8081/api/v1/webrtc/user": Connection refused; nested exception is java.net.ConnectException: Connection refused
	at webrtc.chatservice.service.channel.ChannelServiceImplTest.createChannelTemp(ChannelServiceImplTest.java:293)
	at webrtc.chatservice.service.channel.ChannelServiceImplTest.exitChannel(ChannelServiceImplTest.java:143)
Caused by: java.net.ConnectException: Connection refused
	at webrtc.chatservice.service.channel.ChannelServiceImplTest.createChannelTemp(ChannelServiceImplTest.java:293)
	at webrtc.chatservice.service.channel.ChannelServiceImplTest.exitChannel(ChannelServiceImplTest.java:143)

enterChannelFail  Time elapsed: 0.008 s  <<< ERROR!
org.springframework.web.client.ResourceAccessException: I/O error on POST request for "http://localhost:8081/api/v1/webrtc/user": Connection refused; nested exception is java.net.ConnectException: Connection refused
	at webrtc.chatservice.service.channel.ChannelServiceImplTest.createChannelTemp(ChannelServiceImplTest.java:293)
	at webrtc.chatservice.service.channel.ChannelServiceImplTest.enterChannelFail(ChannelServiceImplTest.java:123)
Caused by: java.net.ConnectException: Connection refused
	at webrtc.chatservice.service.channel.ChannelServiceImplTest.createChannelTemp(ChannelServiceImplTest.java:293)
	at webrtc.chatservice.service.channel.ChannelServiceImplTest.enterChannelFail(ChannelServiceImplTest.java:123)

extensionChannelTTLSuccess  Time elapsed: 0.01 s  <<< ERROR!
org.springframework.web.client.ResourceAccessException: I/O error on POST request for "http://localhost:8081/api/v1/webrtc/user": Connection refused; nested exception is java.net.ConnectException: Connection refused
	at webrtc.chatservice.service.channel.ChannelServiceImplTest.createChannelTemp(ChannelServiceImplTest.java:293)
	at webrtc.chatservice.service.channel.ChannelServiceImplTest.extensionChannelTTLSuccess(ChannelServiceImplTest.java:248)
Caused by: java.net.ConnectException: Connection refused
	at webrtc.chatservice.service.channel.ChannelServiceImplTest.createChannelTemp(ChannelServiceImplTest.java:293)
	at webrtc.chatservice.service.channel.ChannelServiceImplTest.extensionChannelTTLSuccess(ChannelServiceImplTest.java:248)

deleteChannel  Time elapsed: 0.009 s  <<< ERROR!
org.springframework.web.client.ResourceAccessException: I/O error on POST request for "http://localhost:8081/api/v1/webrtc/user": Connection refused; nested exception is java.net.ConnectException: Connection refused
	at webrtc.chatservice.service.channel.ChannelServiceImplTest.createChannelTemp(ChannelServiceImplTest.java:293)
	at webrtc.chatservice.service.channel.ChannelServiceImplTest.deleteChannel(ChannelServiceImplTest.java:157)
Caused by: java.net.ConnectException: Connection refused
	at webrtc.chatservice.service.channel.ChannelServiceImplTest.createChannelTemp(ChannelServiceImplTest.java:293)
	at webrtc.chatservice.service.channel.ChannelServiceImplTest.deleteChannel(ChannelServiceImplTest.java:157)

findOneChannelByIdO  Time elapsed: 0.008 s  <<< ERROR!
org.springframework.web.client.ResourceAccessException: I/O error on POST request for "http://localhost:8081/api/v1/webrtc/user": Connection refused; nested exception is java.net.ConnectException: Connection refused
	at webrtc.chatservice.service.channel.ChannelServiceImplTest.createChannelTemp(ChannelServiceImplTest.java:293)
	at webrtc.chatservice.service.channel.ChannelServiceImplTest.findOneChannelByIdO(ChannelServiceImplTest.java:191)
Caused by: java.net.ConnectException: Connection refused
	at webrtc.chatservice.service.channel.ChannelServiceImplTest.createChannelTemp(ChannelServiceImplTest.java:293)
	at webrtc.chatservice.service.channel.ChannelServiceImplTest.findOneChannelByIdO(ChannelServiceImplTest.java:191)

findOneChannelByIdX  Time elapsed: 0.007 s  <<< ERROR!
org.springframework.web.client.ResourceAccessException: I/O error on POST request for "http://localhost:8081/api/v1/webrtc/user": Connection refused; nested exception is java.net.ConnectException: Connection refused
	at webrtc.chatservice.service.channel.ChannelServiceImplTest.createChannelTemp(ChannelServiceImplTest.java:293)
	at webrtc.chatservice.service.channel.ChannelServiceImplTest.findOneChannelByIdX(ChannelServiceImplTest.java:204)
Caused by: java.net.ConnectException: Connection refused
	at webrtc.chatservice.service.channel.ChannelServiceImplTest.createChannelTemp(ChannelServiceImplTest.java:293)
	at webrtc.chatservice.service.channel.ChannelServiceImplTest.findOneChannelByIdX(ChannelServiceImplTest.java:204)

findAllChannel  Time elapsed: 0.008 s  <<< ERROR!
org.springframework.web.client.ResourceAccessException: I/O error on POST request for "http://localhost:8081/api/v1/webrtc/user": Connection refused; nested exception is java.net.ConnectException: Connection refused
	at webrtc.chatservice.service.channel.ChannelServiceImplTest.findAllChannel(ChannelServiceImplTest.java:176)
Caused by: java.net.ConnectException: Connection refused
	at webrtc.chatservice.service.channel.ChannelServiceImplTest.findAllChannel(ChannelServiceImplTest.java:176)

findChannelsByHashName  Time elapsed: 0.009 s  <<< ERROR!
org.springframework.web.client.ResourceAccessException: I/O error on POST request for "http://localhost:8081/api/v1/webrtc/user": Connection refused; nested exception is java.net.ConnectException: Connection refused
	at webrtc.chatservice.service.channel.ChannelServiceImplTest.findChannelsByHashName(ChannelServiceImplTest.java:222)
Caused by: java.net.ConnectException: Connection refused
	at webrtc.chatservice.service.channel.ChannelServiceImplTest.findChannelsByHashName(ChannelServiceImplTest.java:222)

extensionChannelTTLFailByInsufficientPointException  Time elapsed: 0.018 s  <<< ERROR!
org.springframework.web.client.ResourceAccessException: I/O error on POST request for "http://localhost:8081/api/v1/webrtc/user": Connection refused; nested exception is java.net.ConnectException: Connection refused
	at webrtc.chatservice.service.channel.ChannelServiceImplTest.createChannelTemp(ChannelServiceImplTest.java:293)
	at webrtc.chatservice.service.channel.ChannelServiceImplTest.extensionChannelTTLFailByInsufficientPointException(ChannelServiceImplTest.java:277)
Caused by: java.net.ConnectException: Connection refused
	at webrtc.chatservice.service.channel.ChannelServiceImplTest.createChannelTemp(ChannelServiceImplTest.java:293)
	at webrtc.chatservice.service.channel.ChannelServiceImplTest.extensionChannelTTLFailByInsufficientPointException(ChannelServiceImplTest.java:277)

enterChannelFirstSuccess  Time elapsed: 0.007 s  <<< ERROR!
org.springframework.web.client.ResourceAccessException: I/O error on POST request for "http://localhost:8081/api/v1/webrtc/user": Connection refused; nested exception is java.net.ConnectException: Connection refused
	at webrtc.chatservice.service.channel.ChannelServiceImplTest.createChannelTemp(ChannelServiceImplTest.java:293)
	at webrtc.chatservice.service.channel.ChannelServiceImplTest.enterChannelFirstSuccess(ChannelServiceImplTest.java:96)
Caused by: java.net.ConnectException: Connection refused
	at webrtc.chatservice.service.channel.ChannelServiceImplTest.createChannelTemp(ChannelServiceImplTest.java:293)
	at webrtc.chatservice.service.channel.ChannelServiceImplTest.enterChannelFirstSuccess(ChannelServiceImplTest.java:96)

