-------------------------------------------------------------------------------
Test set: webrtc.chatservice.service.chat.ChatServiceImplTest
-------------------------------------------------------------------------------
Tests run: 2, Failures: 0, Errors: 2, Skipped: 0, Time elapsed: 0.02 s <<< FAILURE! - in webrtc.chatservice.service.chat.ChatServiceImplTest
saveChatLogInAlreadyChatLog  Time elapsed: 0.008 s  <<< ERROR!
org.springframework.web.client.ResourceAccessException: I/O error on POST request for "http://localhost:8081/api/v1/webrtc/user": Connection refused; nested exception is java.net.ConnectException: Connection refused
	at webrtc.chatservice.service.chat.ChatServiceImplTest.saveChannel(ChatServiceImplTest.java:55)
Caused by: java.net.ConnectException: Connection refused
	at webrtc.chatservice.service.chat.ChatServiceImplTest.saveChannel(ChatServiceImplTest.java:55)

saveNewChatLogWithIdx  Time elapsed: 0.009 s  <<< ERROR!
org.springframework.web.client.ResourceAccessException: I/O error on POST request for "http://localhost:8081/api/v1/webrtc/user": Connection refused; nested exception is java.net.ConnectException: Connection refused
	at webrtc.chatservice.service.chat.ChatServiceImplTest.saveChannel(ChatServiceImplTest.java:55)
Caused by: java.net.ConnectException: Connection refused
	at webrtc.chatservice.service.chat.ChatServiceImplTest.saveChannel(ChatServiceImplTest.java:55)

