-------------------------------------------------------------------------------
Test set: webrtc.chatservice.service.point.PointServiceImplTest
-------------------------------------------------------------------------------
Tests run: 3, Failures: 0, Errors: 3, Skipped: 0, Time elapsed: 0.03 s <<< FAILURE! - in webrtc.chatservice.service.point.PointServiceImplTest
decreasePointFail  Time elapsed: 0.008 s  <<< ERROR!
org.springframework.web.client.ResourceAccessException: I/O error on POST request for "http://localhost:8081/api/v1/webrtc/user": Connection refused; nested exception is java.net.ConnectException: Connection refused
	at webrtc.chatservice.service.point.PointServiceImplTest.saveChannelAndUser(PointServiceImplTest.java:56)
Caused by: java.net.ConnectException: Connection refused
	at webrtc.chatservice.service.point.PointServiceImplTest.saveChannelAndUser(PointServiceImplTest.java:56)

findPointByUserName  Time elapsed: 0.012 s  <<< ERROR!
org.springframework.web.client.ResourceAccessException: I/O error on POST request for "http://localhost:8081/api/v1/webrtc/user": Connection refused; nested exception is java.net.ConnectException: Connection refused
	at webrtc.chatservice.service.point.PointServiceImplTest.saveChannelAndUser(PointServiceImplTest.java:56)
Caused by: java.net.ConnectException: Connection refused
	at webrtc.chatservice.service.point.PointServiceImplTest.saveChannelAndUser(PointServiceImplTest.java:56)

decreasePointSuccess  Time elapsed: 0.008 s  <<< ERROR!
org.springframework.web.client.ResourceAccessException: I/O error on POST request for "http://localhost:8081/api/v1/webrtc/user": Connection refused; nested exception is java.net.ConnectException: Connection refused
	at webrtc.chatservice.service.point.PointServiceImplTest.saveChannelAndUser(PointServiceImplTest.java:56)
Caused by: java.net.ConnectException: Connection refused
	at webrtc.chatservice.service.point.PointServiceImplTest.saveChannelAndUser(PointServiceImplTest.java:56)

